<?xml version="1.0" encoding="UTF-8"?>
<!-- Generated by org.testng.reporters.JUnitReportReporter -->
<testsuite skipped="0" hostname="LAPTOP-CB2IM9CQ" name="com.crm.qa.testcases.LoginPageTest" tests="3" failures="0" timestamp="25 May 2018 08:14:07 GMT" time="35.557" errors="0">
  <testcase name="loginPageTitleTest" time="12.778" classname="com.crm.qa.testcases.LoginPageTest"/>
  <testcase name="crmLogoImageTest" time="10.910" classname="com.crm.qa.testcases.LoginPageTest"/>
  <testcase name="LoginTest" time="11.869" classname="com.crm.qa.testcases.LoginPageTest"/>
</testsuite> <!-- com.crm.qa.testcases.LoginPageTest -->
