<?xml version="1.0" encoding="UTF-8"?>
<!-- Generated by org.testng.reporters.JUnitReportReporter -->
<testsuite skipped="0" hostname="LAPTOP-CB2IM9CQ" name="com.crm.qa.testcases.ContactPageTest" tests="6" failures="0" timestamp="25 May 2018 08:14:07 GMT" time="119.964" errors="0">
  <testcase name="verifyContactsPageLabel" time="16.034" classname="com.crm.qa.testcases.ContactPageTest"/>
  <testcase name="selectSingleContactsTest" time="20.080" classname="com.crm.qa.testcases.ContactPageTest"/>
  <testcase name="selectMultipleContactsTest" time="19.849" classname="com.crm.qa.testcases.ContactPageTest"/>
  <testcase name="validateCreateNewContactTest" time="20.027" classname="com.crm.qa.testcases.ContactPageTest"/>
  <testcase name="validateCreateNewContactTest" time="20.918" classname="com.crm.qa.testcases.ContactPageTest"/>
  <testcase name="validateCreateNewContactTest" time="23.056" classname="com.crm.qa.testcases.ContactPageTest"/>
</testsuite> <!-- com.crm.qa.testcases.ContactPageTest -->
